Using pre-set license
Built from '2020.3/staging' branch; Version is '2020.3.5f1 (8095aa901b9b) revision 8426922'; Using compiler version '192528614'; Build Type 'Release'
OS: 'Windows 10 Home; OS build 19042.928; Version 2009; 64bit' Language: 'en' Physical Memory: 16328 MB
BatchMode: 1, IsHumanControllingUs: 0, StartBugReporterOnCrash: 0, Is64bit: 1, IsPro: 0

 COMMAND LINE ARGUMENTS:
C:\Program Files\Unity\Hub\Editor\2020.3.5f1\Editor\Unity.exe
-adb2
-batchMode
-noUpm
-name
AssetImportWorker2
-projectPath
C:/Users/eman8/Desktop/George brown/Game Engines/FinalGameJam/SpeedRunner_N-L_Emmanuel
-logFile
Logs/AssetImportWorker2.log
-srvPort
53259
Successfully changed project path to: C:/Users/eman8/Desktop/George brown/Game Engines/FinalGameJam/SpeedRunner_N-L_Emmanuel
C:/Users/eman8/Desktop/George brown/Game Engines/FinalGameJam/SpeedRunner_N-L_Emmanuel
Using Asset Import Pipeline V2.
Refreshing native plugins compatible for Editor in 24.39 ms, found 0 plugins.
Preloading 0 native plugins for Editor in 0.00 ms.
Initialize engine version: 2020.3.5f1 (8095aa901b9b)
[Subsystems] Discovering subsystems at path C:/Program Files/Unity/Hub/Editor/2020.3.5f1/Editor/Data/Resources/UnitySubsystems
[Subsystems] Discovering subsystems at path C:/Users/eman8/Desktop/George brown/Game Engines/FinalGameJam/SpeedRunner_N-L_Emmanuel/Assets
GfxDevice: creating device client; threaded=0
Direct3D:
    Version:  Direct3D 11.0 [level 11.1]
    Renderer: NVIDIA GeForce GTX 1660 SUPER (ID=0x21c4)
    Vendor:   
    VRAM:     5991 MB
    Driver:   27.21.14.6140
Initialize mono
Mono path[0] = 'C:/Program Files/Unity/Hub/Editor/2020.3.5f1/Editor/Data/Managed'
Mono path[1] = 'C:/Program Files/Unity/Hub/Editor/2020.3.5f1/Editor/Data/MonoBleedingEdge/lib/mono/unityjit'
Mono config path = 'C:/Program Files/Unity/Hub/Editor/2020.3.5f1/Editor/Data/MonoBleedingEdge/etc'
Using monoOptions --debugger-agent=transport=dt_socket,embedding=1,server=y,suspend=n,address=127.0.0.1:56832
Begin MonoManager ReloadAssembly
Registering precompiled unity dll's ...
Register platform support module: C:/Program Files/Unity/Hub/Editor/2020.3.5f1/Editor/Data/PlaybackEngines/MacStandaloneSupport/UnityEditor.OSXStandalone.Extensions.dll
Register platform support module: C:/Program Files/Unity/Hub/Editor/2020.3.5f1/Editor/Data/PlaybackEngines/WindowsStandaloneSupport/UnityEditor.WindowsStandalone.Extensions.dll
Register platform support module: C:/Program Files/Unity/Hub/Editor/2020.3.5f1/Editor/Data/PlaybackEngines/LinuxStandaloneSupport/UnityEditor.LinuxStandalone.Extensions.dll
Registered in 0.002075 seconds.
Native extension for LinuxStandalone target not found
Native extension for WindowsStandalone target not found
Native extension for OSXStandalone target not found
Refreshing native plugins compatible for Editor in 26.39 ms, found 0 plugins.
Preloading 0 native plugins for Editor in 0.00 ms.
Mono: successfully reloaded assembly
- Completed reload, in  1.944 seconds
Platform modules already initialized, skipping
Registering precompiled user dll's ...
Registered in 0.000486 seconds.
Begin MonoManager ReloadAssembly
Native extension for LinuxStandalone target not found
Native extension for WindowsStandalone target not found
Native extension for OSXStandalone target not found
Refreshing native plugins compatible for Editor in 25.78 ms, found 0 plugins.
Preloading 0 native plugins for Editor in 0.00 ms.
Mono: successfully reloaded assembly
- Completed reload, in  0.785 seconds
Platform modules already initialized, skipping
========================================================================
Worker process is ready to serve import requests
Launched and connected shader compiler UnityShaderCompiler.exe after 0.08 seconds
Refreshing native plugins compatible for Editor in 0.28 ms, found 0 plugins.
Preloading 0 native plugins for Editor in 0.00 ms.
Unloading 1576 Unused Serialized files (Serialized files now loaded: 0)
System memory in use before: 94.6 MB.
System memory in use after: 94.7 MB.

Unloading 11 unused Assets to reduce memory usage. Loaded Objects now: 2044.
Total: 1.868700 ms (FindLiveObjects: 0.224800 ms CreateObjectMapping: 0.036600 ms MarkObjects: 1.587600 ms  DeleteObjects: 0.018700 ms)

========================================================================
Received Import Request.
  path: Assets/Scenes/HowToPlay.unity
  artifactKey: Guid(871d2e13bde980042b74ce3e70dbc221) Importer(815301076,1909f56bfc062723c751e8b465ee728b)
Start importing Assets/Scenes/HowToPlay.unity using Guid(871d2e13bde980042b74ce3e70dbc221) Importer(815301076,1909f56bfc062723c751e8b465ee728b)  -> (artifact id: '6524adff59a678d8d862d52acd1c247d') in 0.012004 seconds
  Import took 0.014600 seconds .

========================================================================
Received Import Request.
  Time since last request: 177.586342 seconds.
  path: Assets/Scenes/MainMenu.unity
  artifactKey: Guid(1e3bd35f9b444f84796278299275fbe9) Importer(815301076,1909f56bfc062723c751e8b465ee728b)
Start importing Assets/Scenes/MainMenu.unity using Guid(1e3bd35f9b444f84796278299275fbe9) Importer(815301076,1909f56bfc062723c751e8b465ee728b)  -> (artifact id: '31ab4aebf6f80e490ef6803697d40ce4') in 0.002122 seconds
  Import took 0.004556 seconds .

========================================================================
Received Import Request.
  Time since last request: 13.057517 seconds.
  path: Assets/Scenes/HowToPlay.unity
  artifactKey: Guid(871d2e13bde980042b74ce3e70dbc221) Importer(815301076,1909f56bfc062723c751e8b465ee728b)
Start importing Assets/Scenes/HowToPlay.unity using Guid(871d2e13bde980042b74ce3e70dbc221) Importer(815301076,1909f56bfc062723c751e8b465ee728b)  -> (artifact id: 'a4e58240288bde5f7e4b7eb35b6e967e') in 0.002097 seconds
  Import took 0.004421 seconds .

========================================================================
Received Prepare
Registering precompiled user dll's ...
Registered in 0.000966 seconds.
Begin MonoManager ReloadAssembly
Native extension for LinuxStandalone target not found
Native extension for WindowsStandalone target not found
Native extension for OSXStandalone target not found
Refreshing native plugins compatible for Editor in 0.26 ms, found 0 plugins.
Preloading 0 native plugins for Editor in 0.00 ms.
Mono: successfully reloaded assembly
- Completed reload, in  0.705 seconds
Platform modules already initialized, skipping
Refreshing native plugins compatible for Editor in 0.28 ms, found 0 plugins.
Preloading 0 native plugins for Editor in 0.00 ms.
Unloading 1555 Unused Serialized files (Serialized files now loaded: 0)
System memory in use before: 93.3 MB.
System memory in use after: 93.4 MB.

Unloading 6 unused Assets to reduce memory usage. Loaded Objects now: 2047.
Total: 1.815100 ms (FindLiveObjects: 0.182500 ms CreateObjectMapping: 0.034800 ms MarkObjects: 1.583700 ms  DeleteObjects: 0.012700 ms)

========================================================================
Received Prepare
Registering precompiled user dll's ...
Registered in 0.000554 seconds.
Begin MonoManager ReloadAssembly
Native extension for LinuxStandalone target not found
Native extension for WindowsStandalone target not found
Native extension for OSXStandalone target not found
Refreshing native plugins compatible for Editor in 0.26 ms, found 0 plugins.
Preloading 0 native plugins for Editor in 0.00 ms.
Mono: successfully reloaded assembly
- Completed reload, in  0.725 seconds
Platform modules already initialized, skipping
Refreshing native plugins compatible for Editor in 0.30 ms, found 0 plugins.
Preloading 0 native plugins for Editor in 0.00 ms.
Unloading 1555 Unused Serialized files (Serialized files now loaded: 0)
System memory in use before: 93.3 MB.
System memory in use after: 93.4 MB.

Unloading 6 unused Assets to reduce memory usage. Loaded Objects now: 2050.
Total: 1.891900 ms (FindLiveObjects: 0.175800 ms CreateObjectMapping: 0.033700 ms MarkObjects: 1.669700 ms  DeleteObjects: 0.011600 ms)

========================================================================
Received Prepare
Registering precompiled user dll's ...
Registered in 0.000721 seconds.
Begin MonoManager ReloadAssembly
Native extension for LinuxStandalone target not found
Native extension for WindowsStandalone target not found
Native extension for OSXStandalone target not found
Refreshing native plugins compatible for Editor in 0.26 ms, found 0 plugins.
Preloading 0 native plugins for Editor in 0.00 ms.
Mono: successfully reloaded assembly
- Completed reload, in  0.732 seconds
Platform modules already initialized, skipping
Refreshing native plugins compatible for Editor in 0.28 ms, found 0 plugins.
Preloading 0 native plugins for Editor in 0.00 ms.
Unloading 1555 Unused Serialized files (Serialized files now loaded: 0)
System memory in use before: 93.3 MB.
System memory in use after: 93.4 MB.

Unloading 6 unused Assets to reduce memory usage. Loaded Objects now: 2053.
Total: 2.036900 ms (FindLiveObjects: 0.195000 ms CreateObjectMapping: 0.035400 ms MarkObjects: 1.790900 ms  DeleteObjects: 0.014400 ms)

========================================================================
Received Prepare
Registering precompiled user dll's ...
Registered in 0.000546 seconds.
Begin MonoManager ReloadAssembly
Native extension for LinuxStandalone target not found
Native extension for WindowsStandalone target not found
Native extension for OSXStandalone target not found
Refreshing native plugins compatible for Editor in 0.25 ms, found 0 plugins.
Preloading 0 native plugins for Editor in 0.00 ms.
Mono: successfully reloaded assembly
- Completed reload, in  0.704 seconds
Platform modules already initialized, skipping
Refreshing native plugins compatible for Editor in 0.27 ms, found 0 plugins.
Preloading 0 native plugins for Editor in 0.00 ms.
Unloading 1555 Unused Serialized files (Serialized files now loaded: 0)
System memory in use before: 93.3 MB.
System memory in use after: 93.5 MB.

Unloading 6 unused Assets to reduce memory usage. Loaded Objects now: 2056.
Total: 1.622000 ms (FindLiveObjects: 0.194800 ms CreateObjectMapping: 0.033800 ms MarkObjects: 1.381400 ms  DeleteObjects: 0.010900 ms)

========================================================================
Received Prepare
Registering precompiled user dll's ...
Registered in 0.000574 seconds.
Begin MonoManager ReloadAssembly
Native extension for LinuxStandalone target not found
Native extension for WindowsStandalone target not found
Native extension for OSXStandalone target not found
Refreshing native plugins compatible for Editor in 0.26 ms, found 0 plugins.
Preloading 0 native plugins for Editor in 0.00 ms.
Mono: successfully reloaded assembly
- Completed reload, in  0.712 seconds
Platform modules already initialized, skipping
Refreshing native plugins compatible for Editor in 0.25 ms, found 0 plugins.
Preloading 0 native plugins for Editor in 0.00 ms.
Unloading 1555 Unused Serialized files (Serialized files now loaded: 0)
System memory in use before: 93.4 MB.
System memory in use after: 93.5 MB.

Unloading 6 unused Assets to reduce memory usage. Loaded Objects now: 2059.
Total: 1.629800 ms (FindLiveObjects: 0.205200 ms CreateObjectMapping: 0.034500 ms MarkObjects: 1.376300 ms  DeleteObjects: 0.013100 ms)

========================================================================
Received Import Request.
  Time since last request: 794.613595 seconds.
  path: Assets/Scenes/HowToPlay.unity
  artifactKey: Guid(871d2e13bde980042b74ce3e70dbc221) Importer(815301076,1909f56bfc062723c751e8b465ee728b)
Start importing Assets/Scenes/HowToPlay.unity using Guid(871d2e13bde980042b74ce3e70dbc221) Importer(815301076,1909f56bfc062723c751e8b465ee728b)  -> (artifact id: '14cdbc0194dc560a3d901e350f513560') in 0.010595 seconds
  Import took 0.012777 seconds .

========================================================================
Received Import Request.
  Time since last request: 0.395453 seconds.
  path: Assets/Scenes/GameOver.unity
  artifactKey: Guid(e118c0bd5af31d840a0e17f686fe35e4) Importer(815301076,1909f56bfc062723c751e8b465ee728b)
Start importing Assets/Scenes/GameOver.unity using Guid(e118c0bd5af31d840a0e17f686fe35e4) Importer(815301076,1909f56bfc062723c751e8b465ee728b)  -> (artifact id: '0d0fb98d8e8f9961c60110405d243878') in 0.002310 seconds
  Import took 0.004614 seconds .

========================================================================
Received Import Request.
  Time since last request: 2.071030 seconds.
  path: Assets/Scenes/MainGameSceneSettings.lighting
  artifactKey: Guid(65c465d1632039d4db3a7beac2d1eff8) Importer(815301076,1909f56bfc062723c751e8b465ee728b)
Start importing Assets/Scenes/MainGameSceneSettings.lighting using Guid(65c465d1632039d4db3a7beac2d1eff8) Importer(815301076,1909f56bfc062723c751e8b465ee728b)  -> (artifact id: '5a2228b979861165ef7eef5ff8dcfc7c') in 0.021040 seconds
  Import took 0.023313 seconds .

========================================================================
Received Import Request.
  Time since last request: 3.623012 seconds.
  path: Assets/Scenes/MainGameSceneSettings.lighting
  artifactKey: Guid(65c465d1632039d4db3a7beac2d1eff8) Importer(815301076,1909f56bfc062723c751e8b465ee728b)
Start importing Assets/Scenes/MainGameSceneSettings.lighting using Guid(65c465d1632039d4db3a7beac2d1eff8) Importer(815301076,1909f56bfc062723c751e8b465ee728b)  -> (artifact id: '5a2228b979861165ef7eef5ff8dcfc7c') in 0.002730 seconds
  Import took 0.004993 seconds .

========================================================================
Received Prepare
Registering precompiled user dll's ...
Registered in 0.000718 seconds.
Begin MonoManager ReloadAssembly
Native extension for LinuxStandalone target not found
Native extension for WindowsStandalone target not found
Native extension for OSXStandalone target not found
Refreshing native plugins compatible for Editor in 0.28 ms, found 0 plugins.
Preloading 0 native plugins for Editor in 0.00 ms.
Mono: successfully reloaded assembly
- Completed reload, in  0.718 seconds
Platform modules already initialized, skipping
Refreshing native plugins compatible for Editor in 0.25 ms, found 0 plugins.
Preloading 0 native plugins for Editor in 0.00 ms.
Unloading 1555 Unused Serialized files (Serialized files now loaded: 0)
System memory in use before: 93.4 MB.
System memory in use after: 93.5 MB.

Unloading 6 unused Assets to reduce memory usage. Loaded Objects now: 2062.
Total: 1.903200 ms (FindLiveObjects: 0.176700 ms CreateObjectMapping: 0.037600 ms MarkObjects: 1.673700 ms  DeleteObjects: 0.014100 ms)

========================================================================
Received Prepare
Registering precompiled user dll's ...
Registered in 0.000600 seconds.
Begin MonoManager ReloadAssembly
Native extension for LinuxStandalone target not found
Native extension for WindowsStandalone target not found
Native extension for OSXStandalone target not found
Refreshing native plugins compatible for Editor in 0.28 ms, found 0 plugins.
Preloading 0 native plugins for Editor in 0.00 ms.
Mono: successfully reloaded assembly
- Completed reload, in  0.756 seconds
Platform modules already initialized, skipping
Refreshing native plugins compatible for Editor in 0.30 ms, found 0 plugins.
Preloading 0 native plugins for Editor in 0.00 ms.
Unloading 1555 Unused Serialized files (Serialized files now loaded: 0)
System memory in use before: 93.4 MB.
System memory in use after: 93.5 MB.

Unloading 6 unused Assets to reduce memory usage. Loaded Objects now: 2065.
Total: 2.235500 ms (FindLiveObjects: 0.249400 ms CreateObjectMapping: 0.036300 ms MarkObjects: 1.934100 ms  DeleteObjects: 0.014100 ms)

========================================================================
Received Prepare
Registering precompiled user dll's ...
Registered in 0.000632 seconds.
Begin MonoManager ReloadAssembly
Native extension for LinuxStandalone target not found
Native extension for WindowsStandalone target not found
Native extension for OSXStandalone target not found
Refreshing native plugins compatible for Editor in 0.39 ms, found 0 plugins.
Preloading 0 native plugins for Editor in 0.00 ms.
Mono: successfully reloaded assembly
- Completed reload, in  0.735 seconds
Platform modules already initialized, skipping
Refreshing native plugins compatible for Editor in 0.32 ms, found 0 plugins.
Preloading 0 native plugins for Editor in 0.00 ms.
Unloading 1555 Unused Serialized files (Serialized files now loaded: 0)
System memory in use before: 93.4 MB.
System memory in use after: 93.5 MB.

Unloading 6 unused Assets to reduce memory usage. Loaded Objects now: 2068.
Total: 1.746000 ms (FindLiveObjects: 0.184900 ms CreateObjectMapping: 0.035300 ms MarkObjects: 1.505700 ms  DeleteObjects: 0.018900 ms)

========================================================================
Received Prepare
Registering precompiled user dll's ...
Registered in 0.000644 seconds.
Begin MonoManager ReloadAssembly
Native extension for LinuxStandalone target not found
Native extension for WindowsStandalone target not found
Native extension for OSXStandalone target not found
Refreshing native plugins compatible for Editor in 0.25 ms, found 0 plugins.
Preloading 0 native plugins for Editor in 0.00 ms.
Mono: successfully reloaded assembly
- Completed reload, in  0.733 seconds
Platform modules already initialized, skipping
Refreshing native plugins compatible for Editor in 0.26 ms, found 0 plugins.
Preloading 0 native plugins for Editor in 0.00 ms.
Unloading 1555 Unused Serialized files (Serialized files now loaded: 0)
System memory in use before: 93.4 MB.
System memory in use after: 93.5 MB.

Unloading 6 unused Assets to reduce memory usage. Loaded Objects now: 2071.
Total: 2.777000 ms (FindLiveObjects: 0.311800 ms CreateObjectMapping: 0.052700 ms MarkObjects: 2.390100 ms  DeleteObjects: 0.021100 ms)

========================================================================
Received Import Request.
  Time since last request: 992.438041 seconds.
  path: Assets/Scenes/HowToPlay.unity
  artifactKey: Guid(871d2e13bde980042b74ce3e70dbc221) Importer(815301076,1909f56bfc062723c751e8b465ee728b)
Start importing Assets/Scenes/HowToPlay.unity using Guid(871d2e13bde980042b74ce3e70dbc221) Importer(815301076,1909f56bfc062723c751e8b465ee728b)  -> (artifact id: 'f34578ab5796512fc0461d71ac396a93') in 0.010562 seconds
  Import took 0.012934 seconds .

========================================================================
Received Prepare
Registering precompiled user dll's ...
Registered in 0.000789 seconds.
Begin MonoManager ReloadAssembly
Native extension for LinuxStandalone target not found
Native extension for WindowsStandalone target not found
Native extension for OSXStandalone target not found
Refreshing native plugins compatible for Editor in 0.51 ms, found 0 plugins.
Preloading 0 native plugins for Editor in 0.00 ms.
Mono: successfully reloaded assembly
- Completed reload, in  1.089 seconds
Platform modules already initialized, skipping
Refreshing native plugins compatible for Editor in 0.45 ms, found 0 plugins.
Preloading 0 native plugins for Editor in 0.00 ms.
Unloading 1555 Unused Serialized files (Serialized files now loaded: 0)
System memory in use before: 93.4 MB.
System memory in use after: 93.5 MB.

Unloading 6 unused Assets to reduce memory usage. Loaded Objects now: 2074.
Total: 2.487000 ms (FindLiveObjects: 0.266100 ms CreateObjectMapping: 0.038200 ms MarkObjects: 2.160600 ms  DeleteObjects: 0.020800 ms)

========================================================================
Received Prepare
Registering precompiled user dll's ...
Registered in 0.001068 seconds.
Begin MonoManager ReloadAssembly
Native extension for LinuxStandalone target not found
Native extension for WindowsStandalone target not found
Native extension for OSXStandalone target not found
Refreshing native plugins compatible for Editor in 0.36 ms, found 0 plugins.
Preloading 0 native plugins for Editor in 0.00 ms.
Mono: successfully reloaded assembly
- Completed reload, in  1.077 seconds
Platform modules already initialized, skipping
Refreshing native plugins compatible for Editor in 0.43 ms, found 0 plugins.
Preloading 0 native plugins for Editor in 0.00 ms.
Unloading 1555 Unused Serialized files (Serialized files now loaded: 0)
System memory in use before: 93.4 MB.
System memory in use after: 93.5 MB.

Unloading 6 unused Assets to reduce memory usage. Loaded Objects now: 2077.
Total: 2.393500 ms (FindLiveObjects: 0.271800 ms CreateObjectMapping: 0.056900 ms MarkObjects: 2.047800 ms  DeleteObjects: 0.015600 ms)

========================================================================
Received Import Request.
  Time since last request: 1450.907046 seconds.
  path: Assets/Scenes/MainMenu.unity
  artifactKey: Guid(1e3bd35f9b444f84796278299275fbe9) Importer(815301076,1909f56bfc062723c751e8b465ee728b)
Start importing Assets/Scenes/MainMenu.unity using Guid(1e3bd35f9b444f84796278299275fbe9) Importer(815301076,1909f56bfc062723c751e8b465ee728b)  -> (artifact id: '647ca66145a1c6e4548503d08d168d20') in 0.015590 seconds
  Import took 0.018453 seconds .

========================================================================
Received Prepare
Registering precompiled user dll's ...
Registered in 0.000719 seconds.
Begin MonoManager ReloadAssembly
Native extension for LinuxStandalone target not found
Native extension for WindowsStandalone target not found
Native extension for OSXStandalone target not found
Refreshing native plugins compatible for Editor in 0.26 ms, found 0 plugins.
Preloading 0 native plugins for Editor in 0.00 ms.
Mono: successfully reloaded assembly
- Completed reload, in  0.724 seconds
Platform modules already initialized, skipping
Refreshing native plugins compatible for Editor in 0.30 ms, found 0 plugins.
Preloading 0 native plugins for Editor in 0.00 ms.
Unloading 1555 Unused Serialized files (Serialized files now loaded: 0)
System memory in use before: 93.4 MB.
System memory in use after: 93.5 MB.

Unloading 6 unused Assets to reduce memory usage. Loaded Objects now: 2080.
Total: 1.944400 ms (FindLiveObjects: 0.179000 ms CreateObjectMapping: 0.034900 ms MarkObjects: 1.712400 ms  DeleteObjects: 0.016600 ms)

========================================================================
Received Import Request.
  Time since last request: 1051.804189 seconds.
  path: Assets/TextMesh Pro/Resources/Style Sheets/Default Style Sheet.asset
  artifactKey: Guid(f952c082cb03451daed3ee968ac6c63e) Importer(815301076,1909f56bfc062723c751e8b465ee728b)
Start importing Assets/TextMesh Pro/Resources/Style Sheets/Default Style Sheet.asset using Guid(f952c082cb03451daed3ee968ac6c63e) Importer(815301076,1909f56bfc062723c751e8b465ee728b)  -> (artifact id: 'ef9640902a4ab2156cb5654d62f6d480') in 0.021700 seconds
  Import took 0.024596 seconds .

========================================================================
Received Import Request.
  Time since last request: 0.003672 seconds.
  path: Assets/TextMesh Pro/Resources/Style Sheets/Default Style Sheet.asset
  artifactKey: Guid(f952c082cb03451daed3ee968ac6c63e) Importer(815301076,1909f56bfc062723c751e8b465ee728b)
Start importing Assets/TextMesh Pro/Resources/Style Sheets/Default Style Sheet.asset using Guid(f952c082cb03451daed3ee968ac6c63e) Importer(815301076,1909f56bfc062723c751e8b465ee728b)  -> (artifact id: 'ef9640902a4ab2156cb5654d62f6d480') in 0.002660 seconds
  Import took 0.005189 seconds .

========================================================================
Received Prepare
Registering precompiled user dll's ...
Registered in 0.000616 seconds.
Begin MonoManager ReloadAssembly
Native extension for LinuxStandalone target not found
Native extension for WindowsStandalone target not found
Native extension for OSXStandalone target not found
Refreshing native plugins compatible for Editor in 0.28 ms, found 0 plugins.
Preloading 0 native plugins for Editor in 0.00 ms.
Mono: successfully reloaded assembly
- Completed reload, in  0.712 seconds
Platform modules already initialized, skipping
Refreshing native plugins compatible for Editor in 0.27 ms, found 0 plugins.
Preloading 0 native plugins for Editor in 0.00 ms.
Unloading 1555 Unused Serialized files (Serialized files now loaded: 0)
System memory in use before: 93.4 MB.
System memory in use after: 93.6 MB.

Unloading 6 unused Assets to reduce memory usage. Loaded Objects now: 2083.
Total: 1.708000 ms (FindLiveObjects: 0.166600 ms CreateObjectMapping: 0.035600 ms MarkObjects: 1.492100 ms  DeleteObjects: 0.012700 ms)

========================================================================
Received Prepare
Registering precompiled user dll's ...
Registered in 0.000549 seconds.
Begin MonoManager ReloadAssembly
Native extension for LinuxStandalone target not found
Native extension for WindowsStandalone target not found
Native extension for OSXStandalone target not found
Refreshing native plugins compatible for Editor in 0.28 ms, found 0 plugins.
Preloading 0 native plugins for Editor in 0.00 ms.
Mono: successfully reloaded assembly
- Completed reload, in  0.727 seconds
Platform modules already initialized, skipping
Refreshing native plugins compatible for Editor in 0.27 ms, found 0 plugins.
Preloading 0 native plugins for Editor in 0.00 ms.
Unloading 1555 Unused Serialized files (Serialized files now loaded: 0)
System memory in use before: 93.5 MB.
System memory in use after: 93.6 MB.

Unloading 6 unused Assets to reduce memory usage. Loaded Objects now: 2086.
Total: 1.617400 ms (FindLiveObjects: 0.171600 ms CreateObjectMapping: 0.034300 ms MarkObjects: 1.400400 ms  DeleteObjects: 0.010300 ms)

========================================================================
Received Prepare
Registering precompiled user dll's ...
Registered in 0.000580 seconds.
Begin MonoManager ReloadAssembly
Native extension for LinuxStandalone target not found
Native extension for WindowsStandalone target not found
Native extension for OSXStandalone target not found
Refreshing native plugins compatible for Editor in 0.27 ms, found 0 plugins.
Preloading 0 native plugins for Editor in 0.00 ms.
Mono: successfully reloaded assembly
- Completed reload, in  0.730 seconds
Platform modules already initialized, skipping
Refreshing native plugins compatible for Editor in 0.26 ms, found 0 plugins.
Preloading 0 native plugins for Editor in 0.00 ms.
Unloading 1555 Unused Serialized files (Serialized files now loaded: 0)
System memory in use before: 93.5 MB.
System memory in use after: 93.6 MB.

Unloading 6 unused Assets to reduce memory usage. Loaded Objects now: 2089.
Total: 1.630200 ms (FindLiveObjects: 0.182700 ms CreateObjectMapping: 0.034700 ms MarkObjects: 1.399000 ms  DeleteObjects: 0.012400 ms)

========================================================================
Received Import Request.
  Time since last request: 1418.128880 seconds.
  path: Assets/Prefabs/PlayerCharacter.prefab
  artifactKey: Guid(b4e5e4505884b734ba807a8025a24697) Importer(815301076,1909f56bfc062723c751e8b465ee728b)
Start importing Assets/Prefabs/PlayerCharacter.prefab using Guid(b4e5e4505884b734ba807a8025a24697) Importer(815301076,1909f56bfc062723c751e8b465ee728b)  -> (artifact id: 'b1b3039a7c21b12d3f295ed7566ce0e3') in 0.150642 seconds
  Import took 0.153386 seconds .

========================================================================
Received Import Request.
  Time since last request: 53.621035 seconds.
  path: ProjectSettings/TagManager.asset
  artifactKey: Guid(00000000000000003000000000000000) Importer(815301076,1909f56bfc062723c751e8b465ee728b)
Start importing ProjectSettings/TagManager.asset using Guid(00000000000000003000000000000000) Importer(815301076,1909f56bfc062723c751e8b465ee728b)  -> (artifact id: '0cf9088148c8a3cbd29f9a356fcbb966') in 0.007762 seconds
  Import took 0.010105 seconds .

========================================================================
Received Prepare
Registering precompiled user dll's ...
Registered in 0.000543 seconds.
Begin MonoManager ReloadAssembly
Native extension for LinuxStandalone target not found
Native extension for WindowsStandalone target not found
Native extension for OSXStandalone target not found
Refreshing native plugins compatible for Editor in 0.26 ms, found 0 plugins.
Preloading 0 native plugins for Editor in 0.00 ms.
Mono: successfully reloaded assembly
- Completed reload, in  0.719 seconds
Platform modules already initialized, skipping
Refreshing native plugins compatible for Editor in 0.25 ms, found 0 plugins.
Preloading 0 native plugins for Editor in 0.00 ms.
Unloading 1555 Unused Serialized files (Serialized files now loaded: 0)
System memory in use before: 110.2 MB.
System memory in use after: 110.3 MB.

Unloading 7 unused Assets to reduce memory usage. Loaded Objects now: 2100.
Total: 1.551000 ms (FindLiveObjects: 0.168200 ms CreateObjectMapping: 0.034600 ms MarkObjects: 1.335800 ms  DeleteObjects: 0.011700 ms)

========================================================================
Received Prepare
Registering precompiled user dll's ...
Registered in 0.000653 seconds.
Begin MonoManager ReloadAssembly
Native extension for LinuxStandalone target not found
Native extension for WindowsStandalone target not found
Native extension for OSXStandalone target not found
Refreshing native plugins compatible for Editor in 0.26 ms, found 0 plugins.
Preloading 0 native plugins for Editor in 0.00 ms.
Mono: successfully reloaded assembly
- Completed reload, in  0.709 seconds
Platform modules already initialized, skipping
Refreshing native plugins compatible for Editor in 0.33 ms, found 0 plugins.
Preloading 0 native plugins for Editor in 0.00 ms.
Unloading 1555 Unused Serialized files (Serialized files now loaded: 0)
System memory in use before: 110.2 MB.
System memory in use after: 110.3 MB.

Unloading 6 unused Assets to reduce memory usage. Loaded Objects now: 2103.
Total: 1.669600 ms (FindLiveObjects: 0.205500 ms CreateObjectMapping: 0.035900 ms MarkObjects: 1.415100 ms  DeleteObjects: 0.011800 ms)

========================================================================
Received Prepare
Registering precompiled user dll's ...
Registered in 0.000527 seconds.
Begin MonoManager ReloadAssembly
Native extension for LinuxStandalone target not found
Native extension for WindowsStandalone target not found
Native extension for OSXStandalone target not found
Refreshing native plugins compatible for Editor in 0.26 ms, found 0 plugins.
Preloading 0 native plugins for Editor in 0.00 ms.
Mono: successfully reloaded assembly
- Completed reload, in  0.729 seconds
Platform modules already initialized, skipping
Refreshing native plugins compatible for Editor in 0.27 ms, found 0 plugins.
Preloading 0 native plugins for Editor in 0.00 ms.
Unloading 1555 Unused Serialized files (Serialized files now loaded: 0)
System memory in use before: 110.2 MB.
System memory in use after: 110.3 MB.

Unloading 6 unused Assets to reduce memory usage. Loaded Objects now: 2106.
Total: 1.768500 ms (FindLiveObjects: 0.195900 ms CreateObjectMapping: 0.035300 ms MarkObjects: 1.518700 ms  DeleteObjects: 0.017600 ms)

========================================================================
Received Prepare
Registering precompiled user dll's ...
Registered in 0.000678 seconds.
Begin MonoManager ReloadAssembly
Native extension for LinuxStandalone target not found
Native extension for WindowsStandalone target not found
Native extension for OSXStandalone target not found
Refreshing native plugins compatible for Editor in 0.32 ms, found 0 plugins.
Preloading 0 native plugins for Editor in 0.00 ms.
Mono: successfully reloaded assembly
- Completed reload, in  0.730 seconds
Platform modules already initialized, skipping
Refreshing native plugins compatible for Editor in 0.27 ms, found 0 plugins.
Preloading 0 native plugins for Editor in 0.00 ms.
Unloading 1555 Unused Serialized files (Serialized files now loaded: 0)
System memory in use before: 110.2 MB.
System memory in use after: 110.3 MB.

Unloading 6 unused Assets to reduce memory usage. Loaded Objects now: 2109.
Total: 1.648000 ms (FindLiveObjects: 0.195700 ms CreateObjectMapping: 0.036100 ms MarkObjects: 1.405000 ms  DeleteObjects: 0.010100 ms)

========================================================================
Received Prepare
Registering precompiled user dll's ...
Registered in 0.000537 seconds.
Begin MonoManager ReloadAssembly
Native extension for LinuxStandalone target not found
Native extension for WindowsStandalone target not found
Native extension for OSXStandalone target not found
Refreshing native plugins compatible for Editor in 0.28 ms, found 0 plugins.
Preloading 0 native plugins for Editor in 0.00 ms.
Mono: successfully reloaded assembly
- Completed reload, in  0.723 seconds
Platform modules already initialized, skipping
Refreshing native plugins compatible for Editor in 0.42 ms, found 0 plugins.
Preloading 0 native plugins for Editor in 0.00 ms.
Unloading 1555 Unused Serialized files (Serialized files now loaded: 0)
System memory in use before: 110.2 MB.
System memory in use after: 110.3 MB.

Unloading 6 unused Assets to reduce memory usage. Loaded Objects now: 2112.
Total: 1.606000 ms (FindLiveObjects: 0.190800 ms CreateObjectMapping: 0.033600 ms MarkObjects: 1.368800 ms  DeleteObjects: 0.011400 ms)

========================================================================
Received Prepare
Registering precompiled user dll's ...
Registered in 0.000616 seconds.
Begin MonoManager ReloadAssembly
Native extension for LinuxStandalone target not found
Native extension for WindowsStandalone target not found
Native extension for OSXStandalone target not found
Refreshing native plugins compatible for Editor in 0.44 ms, found 0 plugins.
Preloading 0 native plugins for Editor in 0.00 ms.
Mono: successfully reloaded assembly
- Completed reload, in  0.738 seconds
Platform modules already initialized, skipping
Refreshing native plugins compatible for Editor in 0.26 ms, found 0 plugins.
Preloading 0 native plugins for Editor in 0.00 ms.
Unloading 1555 Unused Serialized files (Serialized files now loaded: 0)
System memory in use before: 110.2 MB.
System memory in use after: 110.3 MB.

Unloading 6 unused Assets to reduce memory usage. Loaded Objects now: 2115.
Total: 1.705100 ms (FindLiveObjects: 0.197400 ms CreateObjectMapping: 0.037400 ms MarkObjects: 1.457500 ms  DeleteObjects: 0.011500 ms)

========================================================================
Received Prepare
Registering precompiled user dll's ...
Registered in 0.000635 seconds.
Begin MonoManager ReloadAssembly
Native extension for LinuxStandalone target not found
Native extension for WindowsStandalone target not found
Native extension for OSXStandalone target not found
Refreshing native plugins compatible for Editor in 0.32 ms, found 0 plugins.
Preloading 0 native plugins for Editor in 0.00 ms.
Mono: successfully reloaded assembly
- Completed reload, in  0.716 seconds
Platform modules already initialized, skipping
Refreshing native plugins compatible for Editor in 0.27 ms, found 0 plugins.
Preloading 0 native plugins for Editor in 0.00 ms.
Unloading 1555 Unused Serialized files (Serialized files now loaded: 0)
System memory in use before: 110.2 MB.
System memory in use after: 110.3 MB.

Unloading 6 unused Assets to reduce memory usage. Loaded Objects now: 2118.
Total: 1.760800 ms (FindLiveObjects: 0.249800 ms CreateObjectMapping: 0.038200 ms MarkObjects: 1.459600 ms  DeleteObjects: 0.012200 ms)

========================================================================
Received Prepare
Registering precompiled user dll's ...
Registered in 0.000575 seconds.
Begin MonoManager ReloadAssembly
Native extension for LinuxStandalone target not found
Native extension for WindowsStandalone target not found
Native extension for OSXStandalone target not found
Refreshing native plugins compatible for Editor in 0.25 ms, found 0 plugins.
Preloading 0 native plugins for Editor in 0.00 ms.
Mono: successfully reloaded assembly
- Completed reload, in  0.726 seconds
Platform modules already initialized, skipping
Refreshing native plugins compatible for Editor in 0.36 ms, found 0 plugins.
Preloading 0 native plugins for Editor in 0.00 ms.
Unloading 1555 Unused Serialized files (Serialized files now loaded: 0)
System memory in use before: 110.2 MB.
System memory in use after: 110.3 MB.

Unloading 6 unused Assets to reduce memory usage. Loaded Objects now: 2121.
Total: 1.990600 ms (FindLiveObjects: 0.174400 ms CreateObjectMapping: 0.036500 ms MarkObjects: 1.763400 ms  DeleteObjects: 0.014900 ms)

========================================================================
Received Prepare
Registering precompiled user dll's ...
Registered in 0.000715 seconds.
Begin MonoManager ReloadAssembly
Native extension for LinuxStandalone target not found
Native extension for WindowsStandalone target not found
Native extension for OSXStandalone target not found
Refreshing native plugins compatible for Editor in 0.25 ms, found 0 plugins.
Preloading 0 native plugins for Editor in 0.00 ms.
Mono: successfully reloaded assembly
- Completed reload, in  0.730 seconds
Platform modules already initialized, skipping
Refreshing native plugins compatible for Editor in 0.25 ms, found 0 plugins.
Preloading 0 native plugins for Editor in 0.00 ms.
Unloading 1555 Unused Serialized files (Serialized files now loaded: 0)
System memory in use before: 110.2 MB.
System memory in use after: 110.4 MB.

Unloading 6 unused Assets to reduce memory usage. Loaded Objects now: 2124.
Total: 1.870300 ms (FindLiveObjects: 0.362300 ms CreateObjectMapping: 0.038400 ms MarkObjects: 1.456000 ms  DeleteObjects: 0.012500 ms)

========================================================================
Received Prepare
Registering precompiled user dll's ...
Registered in 0.000779 seconds.
Begin MonoManager ReloadAssembly
Native extension for LinuxStandalone target not found
Native extension for WindowsStandalone target not found
Native extension for OSXStandalone target not found
Refreshing native plugins compatible for Editor in 0.26 ms, found 0 plugins.
Preloading 0 native plugins for Editor in 0.00 ms.
Mono: successfully reloaded assembly
- Completed reload, in  0.727 seconds
Platform modules already initialized, skipping
Refreshing native plugins compatible for Editor in 0.26 ms, found 0 plugins.
Preloading 0 native plugins for Editor in 0.00 ms.
Unloading 1555 Unused Serialized files (Serialized files now loaded: 0)
System memory in use before: 110.3 MB.
System memory in use after: 110.4 MB.

Unloading 6 unused Assets to reduce memory usage. Loaded Objects now: 2127.
Total: 1.614800 ms (FindLiveObjects: 0.191300 ms CreateObjectMapping: 0.038500 ms MarkObjects: 1.373900 ms  DeleteObjects: 0.010000 ms)

========================================================================
Received Prepare
Registering precompiled user dll's ...
Registered in 0.000532 seconds.
Begin MonoManager ReloadAssembly
Native extension for LinuxStandalone target not found
Native extension for WindowsStandalone target not found
Native extension for OSXStandalone target not found
Refreshing native plugins compatible for Editor in 0.29 ms, found 0 plugins.
Preloading 0 native plugins for Editor in 0.00 ms.
Mono: successfully reloaded assembly
- Completed reload, in  0.719 seconds
Platform modules already initialized, skipping
Refreshing native plugins compatible for Editor in 0.26 ms, found 0 plugins.
Preloading 0 native plugins for Editor in 0.00 ms.
Unloading 1555 Unused Serialized files (Serialized files now loaded: 0)
System memory in use before: 110.3 MB.
System memory in use after: 110.4 MB.

Unloading 6 unused Assets to reduce memory usage. Loaded Objects now: 2130.
Total: 1.942600 ms (FindLiveObjects: 0.360100 ms CreateObjectMapping: 0.044500 ms MarkObjects: 1.523900 ms  DeleteObjects: 0.013000 ms)

========================================================================
Received Prepare
Registering precompiled user dll's ...
Registered in 0.000512 seconds.
Begin MonoManager ReloadAssembly
Native extension for LinuxStandalone target not found
Native extension for WindowsStandalone target not found
Native extension for OSXStandalone target not found
Refreshing native plugins compatible for Editor in 0.26 ms, found 0 plugins.
Preloading 0 native plugins for Editor in 0.00 ms.
Mono: successfully reloaded assembly
- Completed reload, in  0.709 seconds
Platform modules already initialized, skipping
Refreshing native plugins compatible for Editor in 0.27 ms, found 0 plugins.
Preloading 0 native plugins for Editor in 0.00 ms.
Unloading 1555 Unused Serialized files (Serialized files now loaded: 0)
System memory in use before: 110.3 MB.
System memory in use after: 110.4 MB.

Unloading 6 unused Assets to reduce memory usage. Loaded Objects now: 2133.
Total: 1.819300 ms (FindLiveObjects: 0.207000 ms CreateObjectMapping: 0.035600 ms MarkObjects: 1.557600 ms  DeleteObjects: 0.017800 ms)

========================================================================
Received Import Request.
  Time since last request: 2128.270510 seconds.
  path: Assets/Input/PlayerInput.inputactions
  artifactKey: Guid(ad645b791c1fc964bbeab05a6cba72cd) Importer(815301076,1909f56bfc062723c751e8b465ee728b)
Start importing Assets/Input/PlayerInput.inputactions using Guid(ad645b791c1fc964bbeab05a6cba72cd) Importer(815301076,1909f56bfc062723c751e8b465ee728b)  -> (artifact id: '6de33518f9f63ce0e9e5af399c4d4d92') in 0.018560 seconds
  Import took 0.021278 seconds .

========================================================================
Received Import Request.
  Time since last request: 0.000981 seconds.
  path: Assets/Input/PlayerInput.inputactions
  artifactKey: Guid(ad645b791c1fc964bbeab05a6cba72cd) Importer(815301076,1909f56bfc062723c751e8b465ee728b)
Start importing Assets/Input/PlayerInput.inputactions using Guid(ad645b791c1fc964bbeab05a6cba72cd) Importer(815301076,1909f56bfc062723c751e8b465ee728b)  -> (artifact id: '6de33518f9f63ce0e9e5af399c4d4d92') in 0.002903 seconds
  Import took 0.005371 seconds .

========================================================================
Received Prepare
Registering precompiled user dll's ...
Registered in 0.000529 seconds.
Begin MonoManager ReloadAssembly
Native extension for LinuxStandalone target not found
Native extension for WindowsStandalone target not found
Native extension for OSXStandalone target not found
Refreshing native plugins compatible for Editor in 0.26 ms, found 0 plugins.
Preloading 0 native plugins for Editor in 0.00 ms.
Mono: successfully reloaded assembly
- Completed reload, in  0.721 seconds
Platform modules already initialized, skipping
Refreshing native plugins compatible for Editor in 0.25 ms, found 0 plugins.
Preloading 0 native plugins for Editor in 0.00 ms.
Unloading 1555 Unused Serialized files (Serialized files now loaded: 0)
System memory in use before: 110.3 MB.
System memory in use after: 110.4 MB.

Unloading 6 unused Assets to reduce memory usage. Loaded Objects now: 2136.
Total: 1.964400 ms (FindLiveObjects: 0.219900 ms CreateObjectMapping: 0.035100 ms MarkObjects: 1.692200 ms  DeleteObjects: 0.016200 ms)

========================================================================
Received Import Request.
  Time since last request: 10.318765 seconds.
  path: Assets/Input/PlayerInput.inputactions
  artifactKey: Guid(ad645b791c1fc964bbeab05a6cba72cd) Importer(815301076,1909f56bfc062723c751e8b465ee728b)
Start importing Assets/Input/PlayerInput.inputactions using Guid(ad645b791c1fc964bbeab05a6cba72cd) Importer(815301076,1909f56bfc062723c751e8b465ee728b)  -> (artifact id: 'a607526e0000caf542ed5a92b5ef937b') in 0.016899 seconds
  Import took 0.019706 seconds .

========================================================================
Received Prepare
Registering precompiled user dll's ...
Registered in 0.000543 seconds.
Begin MonoManager ReloadAssembly
Native extension for LinuxStandalone target not found
Native extension for WindowsStandalone target not found
Native extension for OSXStandalone target not found
Refreshing native plugins compatible for Editor in 0.26 ms, found 0 plugins.
Preloading 0 native plugins for Editor in 0.00 ms.
Mono: successfully reloaded assembly
- Completed reload, in  0.716 seconds
Platform modules already initialized, skipping
Refreshing native plugins compatible for Editor in 0.25 ms, found 0 plugins.
Preloading 0 native plugins for Editor in 0.00 ms.
Unloading 1555 Unused Serialized files (Serialized files now loaded: 0)
System memory in use before: 110.3 MB.
System memory in use after: 110.4 MB.

Unloading 6 unused Assets to reduce memory usage. Loaded Objects now: 2139.
Total: 1.989600 ms (FindLiveObjects: 0.187600 ms CreateObjectMapping: 0.034500 ms MarkObjects: 1.754900 ms  DeleteObjects: 0.011400 ms)

========================================================================
Received Prepare
Registering precompiled user dll's ...
Registered in 0.000682 seconds.
Begin MonoManager ReloadAssembly
Native extension for LinuxStandalone target not found
Native extension for WindowsStandalone target not found
Native extension for OSXStandalone target not found
Refreshing native plugins compatible for Editor in 0.27 ms, found 0 plugins.
Preloading 0 native plugins for Editor in 0.00 ms.
Mono: successfully reloaded assembly
- Completed reload, in  0.777 seconds
Platform modules already initialized, skipping
Refreshing native plugins compatible for Editor in 0.27 ms, found 0 plugins.
Preloading 0 native plugins for Editor in 0.00 ms.
Unloading 1555 Unused Serialized files (Serialized files now loaded: 0)
System memory in use before: 110.3 MB.
System memory in use after: 110.4 MB.

Unloading 6 unused Assets to reduce memory usage. Loaded Objects now: 2142.
Total: 1.867000 ms (FindLiveObjects: 0.168700 ms CreateObjectMapping: 0.041600 ms MarkObjects: 1.641200 ms  DeleteObjects: 0.014100 ms)

========================================================================
Received Prepare
Registering precompiled user dll's ...
Registered in 0.000557 seconds.
Begin MonoManager ReloadAssembly
Native extension for LinuxStandalone target not found
Native extension for WindowsStandalone target not found
Native extension for OSXStandalone target not found
Refreshing native plugins compatible for Editor in 0.27 ms, found 0 plugins.
Preloading 0 native plugins for Editor in 0.00 ms.
Mono: successfully reloaded assembly
- Completed reload, in  0.731 seconds
Platform modules already initialized, skipping
Refreshing native plugins compatible for Editor in 0.32 ms, found 0 plugins.
Preloading 0 native plugins for Editor in 0.00 ms.
Unloading 1555 Unused Serialized files (Serialized files now loaded: 0)
System memory in use before: 110.3 MB.
System memory in use after: 110.4 MB.

Unloading 6 unused Assets to reduce memory usage. Loaded Objects now: 2145.
Total: 2.179900 ms (FindLiveObjects: 0.222900 ms CreateObjectMapping: 0.036700 ms MarkObjects: 1.898500 ms  DeleteObjects: 0.020000 ms)

========================================================================
Received Prepare
Registering precompiled user dll's ...
Registered in 0.000579 seconds.
Begin MonoManager ReloadAssembly
Native extension for LinuxStandalone target not found
Native extension for WindowsStandalone target not found
Native extension for OSXStandalone target not found
Refreshing native plugins compatible for Editor in 0.26 ms, found 0 plugins.
Preloading 0 native plugins for Editor in 0.00 ms.
Mono: successfully reloaded assembly
- Completed reload, in  0.719 seconds
Platform modules already initialized, skipping
Refreshing native plugins compatible for Editor in 0.30 ms, found 0 plugins.
Preloading 0 native plugins for Editor in 0.00 ms.
Unloading 1555 Unused Serialized files (Serialized files now loaded: 0)
System memory in use before: 110.3 MB.
System memory in use after: 110.4 MB.

Unloading 6 unused Assets to reduce memory usage. Loaded Objects now: 2148.
Total: 1.793400 ms (FindLiveObjects: 0.240400 ms CreateObjectMapping: 0.041400 ms MarkObjects: 1.497800 ms  DeleteObjects: 0.012600 ms)

========================================================================
Received Prepare
Registering precompiled user dll's ...
Registered in 0.000664 seconds.
Begin MonoManager ReloadAssembly
Native extension for LinuxStandalone target not found
Native extension for WindowsStandalone target not found
Native extension for OSXStandalone target not found
Refreshing native plugins compatible for Editor in 0.48 ms, found 0 plugins.
Preloading 0 native plugins for Editor in 0.00 ms.
Mono: successfully reloaded assembly
- Completed reload, in  0.740 seconds
Platform modules already initialized, skipping
Refreshing native plugins compatible for Editor in 0.26 ms, found 0 plugins.
Preloading 0 native plugins for Editor in 0.00 ms.
Unloading 1555 Unused Serialized files (Serialized files now loaded: 0)
System memory in use before: 110.3 MB.
System memory in use after: 110.4 MB.

Unloading 6 unused Assets to reduce memory usage. Loaded Objects now: 2151.
Total: 1.656100 ms (FindLiveObjects: 0.220800 ms CreateObjectMapping: 0.035600 ms MarkObjects: 1.387200 ms  DeleteObjects: 0.010900 ms)

========================================================================
Received Import Request.
  Time since last request: 550.413557 seconds.
  path: Assets/Scenes/MainGameScene.unity
  artifactKey: Guid(9fc0d4010bbf28b4594072e72b8655ab) Importer(815301076,1909f56bfc062723c751e8b465ee728b)
Start importing Assets/Scenes/MainGameScene.unity using Guid(9fc0d4010bbf28b4594072e72b8655ab) Importer(815301076,1909f56bfc062723c751e8b465ee728b)  -> (artifact id: '1e0cc6950442cf2d8e2e063e4428926a') in 0.012692 seconds
  Import took 0.015197 seconds .

========================================================================
Received Prepare
Registering precompiled user dll's ...
Registered in 0.000691 seconds.
Begin MonoManager ReloadAssembly
Native extension for LinuxStandalone target not found
Native extension for WindowsStandalone target not found
Native extension for OSXStandalone target not found
Refreshing native plugins compatible for Editor in 0.25 ms, found 0 plugins.
Preloading 0 native plugins for Editor in 0.00 ms.
Mono: successfully reloaded assembly
- Completed reload, in  0.710 seconds
Platform modules already initialized, skipping
Refreshing native plugins compatible for Editor in 0.27 ms, found 0 plugins.
Preloading 0 native plugins for Editor in 0.00 ms.
Unloading 1555 Unused Serialized files (Serialized files now loaded: 0)
System memory in use before: 110.3 MB.
System memory in use after: 110.4 MB.

Unloading 6 unused Assets to reduce memory usage. Loaded Objects now: 2154.
Total: 1.658300 ms (FindLiveObjects: 0.182400 ms CreateObjectMapping: 0.036100 ms MarkObjects: 1.428100 ms  DeleteObjects: 0.010700 ms)

========================================================================
Received Import Request.
  Time since last request: 150.389854 seconds.
  path: Assets
  artifactKey: Guid(00000000000000001000000000000000) Importer(815301076,1909f56bfc062723c751e8b465ee728b)
Start importing Assets using Guid(00000000000000001000000000000000) Importer(815301076,1909f56bfc062723c751e8b465ee728b)  -> (artifact id: 'e4856052512617ee48189cf1d7999900') in 0.008695 seconds
  Import took 0.011551 seconds .

========================================================================
Received Import Request.
  Time since last request: 17.361035 seconds.
  path: Assets/Sound_Music
  artifactKey: Guid(221d3701e20ad704da6da075b6d354af) Importer(815301076,1909f56bfc062723c751e8b465ee728b)
Start importing Assets/Sound_Music using Guid(221d3701e20ad704da6da075b6d354af) Importer(815301076,1909f56bfc062723c751e8b465ee728b)  -> (artifact id: 'cabd97998eeed03f7e3ceb1ac01a4a5c') in 0.006973 seconds
  Import took 0.009465 seconds .

========================================================================
Received Import Request.
  Time since last request: 0.000614 seconds.
  path: Assets/Sound_Music
  artifactKey: Guid(221d3701e20ad704da6da075b6d354af) Importer(815301076,1909f56bfc062723c751e8b465ee728b)
Start importing Assets/Sound_Music using Guid(221d3701e20ad704da6da075b6d354af) Importer(815301076,1909f56bfc062723c751e8b465ee728b)  -> (artifact id: 'cabd97998eeed03f7e3ceb1ac01a4a5c') in 0.001712 seconds
  Import took 0.003350 seconds .

========================================================================
Received Import Request.
  Time since last request: 692.951659 seconds.
  path: Assets/Sound_Music/ st hrn egt20130629     -   Shigekin no kyojin.wav
  artifactKey: Guid(94f6e1e6a4aee1f4aa5b94161ca965a2) Importer(815301076,1909f56bfc062723c751e8b465ee728b)
Start importing Assets/Sound_Music/ st hrn egt20130629     -   Shigekin no kyojin.wav using Guid(94f6e1e6a4aee1f4aa5b94161ca965a2) Importer(815301076,1909f56bfc062723c751e8b465ee728b)  -> (artifact id: '9eb6f468d02f0a58ea63d869762609b4') in 0.099194 seconds
  Import took 0.102238 seconds .

